2024-11-02 12:54:38.601 [info] [main] Log level: Info
2024-11-02 12:54:38.601 [info] [main] Validating found git in: "git"
2024-11-02 12:54:38.601 [info] [main] Using git "2.43.0" from "git"
2024-11-02 12:54:38.601 [info] [Model][doInitialScan] Initial repository scan started
2024-11-02 12:54:38.601 [info] > git rev-parse --show-toplevel [6ms]
2024-11-02 12:54:38.602 [info] > git rev-parse --git-dir --git-common-dir [1ms]
2024-11-02 12:54:38.611 [info] [Model][openRepository] Opened repository: /opt/lampp/htdocs/llfactura
2024-11-02 12:54:38.620 [info] > git config --get commit.template [2ms]
2024-11-02 12:54:38.645 [info] > git for-each-ref --format=%(refname)%00%(upstream:short)%00%(objectname)%00%(upstream:track)%00%(upstream:remotename)%00%(upstream:remoteref) refs/heads/main refs/remotes/main [21ms]
2024-11-02 12:54:38.670 [info] > git rev-parse --show-toplevel [9ms]
2024-11-02 12:54:38.675 [info] > git for-each-ref --sort -committerdate --format %(refname) %(objectname) %(*objectname) [6ms]
2024-11-02 12:54:38.676 [info] > git rev-parse --show-toplevel [1ms]
2024-11-02 12:54:38.681 [info] > git rev-parse --show-toplevel [1ms]
2024-11-02 12:54:38.685 [info] > git rev-parse --show-toplevel [1ms]
2024-11-02 12:54:38.690 [info] > git rev-parse --show-toplevel [1ms]
2024-11-02 12:54:38.694 [info] > git rev-parse --show-toplevel [1ms]
2024-11-02 12:54:38.699 [info] > git rev-parse --show-toplevel [1ms]
2024-11-02 12:54:38.707 [info] > git rev-parse --show-toplevel [2ms]
2024-11-02 12:54:38.712 [info] > git rev-parse --show-toplevel [1ms]
2024-11-02 12:54:38.718 [info] > git rev-parse --show-toplevel [1ms]
2024-11-02 12:54:38.724 [info] > git rev-parse --show-toplevel [2ms]
2024-11-02 12:54:38.728 [info] > git rev-parse --show-toplevel [1ms]
2024-11-02 12:54:38.733 [info] > git rev-parse --show-toplevel [1ms]
2024-11-02 12:54:38.737 [info] > git rev-parse --show-toplevel [1ms]
2024-11-02 12:54:38.739 [info] [Model][doInitialScan] Initial repository scan completed - repositories (1), closed repositories (0), parent repositories (0), unsafe repositories (0)
2024-11-02 12:54:38.941 [info] > git status -z -uall [275ms]
2024-11-02 12:54:38.957 [info] > git for-each-ref --format=%(refname)%00%(upstream:short)%00%(objectname)%00%(upstream:track)%00%(upstream:remotename)%00%(upstream:remoteref) refs/heads/main refs/remotes/main [6ms]
2024-11-02 12:54:38.969 [info] > git config --local branch.main.vscode-merge-base [6ms]
2024-11-02 12:54:38.975 [info] > git config --get commit.template [18ms]
2024-11-02 12:54:38.979 [info] > git for-each-ref --format=%(refname)%00%(upstream:short)%00%(objectname)%00%(upstream:track)%00%(upstream:remotename)%00%(upstream:remoteref) refs/heads/origin/main refs/remotes/origin/main [4ms]
2024-11-02 12:54:39.013 [info] > git merge-base refs/heads/main refs/remotes/origin/main [27ms]
2024-11-02 12:54:39.021 [info] > git for-each-ref --format=%(refname)%00%(upstream:short)%00%(objectname)%00%(upstream:track)%00%(upstream:remotename)%00%(upstream:remoteref) refs/heads/main refs/remotes/main [7ms]
2024-11-02 12:54:39.033 [info] > git diff --name-status -z --diff-filter=ADMR 08da8de290783848494782f859af324148a6dff7...refs/remotes/origin/main [13ms]
2024-11-02 12:54:39.035 [info] > git for-each-ref --sort -committerdate --format %(refname) %(objectname) %(*objectname) [3ms]
2024-11-02 12:54:39.150 [info] > git check-ignore -v -z --stdin [1ms]
2024-11-02 12:54:39.370 [info] > git status -z -uall [343ms]
2024-11-02 12:54:40.927 [info] > git config --get commit.template [8ms]
2024-11-02 12:54:40.928 [info] > git for-each-ref --format=%(refname)%00%(upstream:short)%00%(objectname)%00%(upstream:track)%00%(upstream:remotename)%00%(upstream:remoteref) refs/heads/main refs/remotes/main [3ms]
2024-11-02 12:54:40.946 [info] > git for-each-ref --sort -committerdate --format %(refname) %(objectname) %(*objectname) [2ms]
2024-11-02 12:54:41.241 [info] > git status -z -uall [305ms]
2024-11-02 12:54:46.263 [info] > git config --get commit.template [9ms]
2024-11-02 12:54:46.265 [info] > git for-each-ref --format=%(refname)%00%(upstream:short)%00%(objectname)%00%(upstream:track)%00%(upstream:remotename)%00%(upstream:remoteref) refs/heads/main refs/remotes/main [2ms]
2024-11-02 12:54:46.282 [info] > git for-each-ref --sort -committerdate --format %(refname) %(objectname) %(*objectname) [3ms]
2024-11-02 12:54:46.575 [info] > git status -z -uall [303ms]
2024-11-02 12:54:52.843 [info] > git check-ignore -v -z --stdin [2ms]
2024-11-02 12:54:53.643 [info] > git config --get commit.template [9ms]
2024-11-02 12:54:53.645 [info] > git for-each-ref --format=%(refname)%00%(upstream:short)%00%(objectname)%00%(upstream:track)%00%(upstream:remotename)%00%(upstream:remoteref) refs/heads/main refs/remotes/main [3ms]
2024-11-02 12:54:53.663 [info] > git for-each-ref --sort -committerdate --format %(refname) %(objectname) %(*objectname) [2ms]
2024-11-02 12:54:53.959 [info] > git status -z -uall [306ms]
2024-11-02 12:54:58.983 [info] > git config --get commit.template [9ms]
2024-11-02 12:54:58.985 [info] > git for-each-ref --format=%(refname)%00%(upstream:short)%00%(objectname)%00%(upstream:track)%00%(upstream:remotename)%00%(upstream:remoteref) refs/heads/main refs/remotes/main [3ms]
2024-11-02 12:54:59.003 [info] > git for-each-ref --sort -committerdate --format %(refname) %(objectname) %(*objectname) [3ms]
2024-11-02 12:54:59.293 [info] > git status -z -uall [300ms]
2024-11-02 12:55:04.316 [info] > git config --get commit.template [9ms]
2024-11-02 12:55:04.318 [info] > git for-each-ref --format=%(refname)%00%(upstream:short)%00%(objectname)%00%(upstream:track)%00%(upstream:remotename)%00%(upstream:remoteref) refs/heads/main refs/remotes/main [2ms]
2024-11-02 12:55:04.341 [info] > git for-each-ref --sort -committerdate --format %(refname) %(objectname) %(*objectname) [4ms]
2024-11-02 12:55:04.634 [info] > git status -z -uall [309ms]
2024-11-02 12:55:09.659 [info] > git config --get commit.template [9ms]
2024-11-02 12:55:09.661 [info] > git for-each-ref --format=%(refname)%00%(upstream:short)%00%(objectname)%00%(upstream:track)%00%(upstream:remotename)%00%(upstream:remoteref) refs/heads/main refs/remotes/main [3ms]
2024-11-02 12:55:09.679 [info] > git for-each-ref --sort -committerdate --format %(refname) %(objectname) %(*objectname) [3ms]
2024-11-02 12:55:09.977 [info] > git status -z -uall [308ms]
2024-11-02 12:55:22.715 [info] > git config --get commit.template [16ms]
2024-11-02 12:55:22.718 [info] > git for-each-ref --format=%(refname)%00%(upstream:short)%00%(objectname)%00%(upstream:track)%00%(upstream:remotename)%00%(upstream:remoteref) refs/heads/main refs/remotes/main [4ms]
2024-11-02 12:55:22.738 [info] > git for-each-ref --sort -committerdate --format %(refname) %(objectname) %(*objectname) [3ms]
2024-11-02 12:55:23.033 [info] > git status -z -uall [306ms]
2024-11-02 12:55:28.055 [info] > git config --get commit.template [13ms]
2024-11-02 12:55:28.061 [info] > git for-each-ref --format=%(refname)%00%(upstream:short)%00%(objectname)%00%(upstream:track)%00%(upstream:remotename)%00%(upstream:remoteref) refs/heads/main refs/remotes/main [1ms]
2024-11-02 12:55:28.073 [info] > git for-each-ref --sort -committerdate --format %(refname) %(objectname) %(*objectname) [3ms]
2024-11-02 12:55:28.173 [info] > git show --textconv :resources/views/livewire/novedades/novedades.blade.php [5ms]
2024-11-02 12:55:28.174 [info] > git ls-files --stage -- /opt/lampp/htdocs/llfactura/resources/views/livewire/novedades/novedades.blade.php [1ms]
2024-11-02 12:55:28.413 [info] > git status -z -uall [347ms]
2024-11-02 12:55:28.721 [info] > git check-ignore -v -z --stdin [4ms]
2024-11-02 12:55:33.443 [info] > git config --get commit.template [9ms]
2024-11-02 12:55:33.445 [info] > git for-each-ref --format=%(refname)%00%(upstream:short)%00%(objectname)%00%(upstream:track)%00%(upstream:remotename)%00%(upstream:remoteref) refs/heads/main refs/remotes/main [3ms]
2024-11-02 12:55:33.496 [info] > git for-each-ref --sort -committerdate --format %(refname) %(objectname) %(*objectname) [2ms]
2024-11-02 12:55:33.790 [info] > git status -z -uall [304ms]
2024-11-02 12:55:43.554 [info] > git config --get commit.template [10ms]
2024-11-02 12:55:43.555 [info] > git for-each-ref --format=%(refname)%00%(upstream:short)%00%(objectname)%00%(upstream:track)%00%(upstream:remotename)%00%(upstream:remoteref) refs/heads/main refs/remotes/main [3ms]
2024-11-02 12:55:43.578 [info] > git for-each-ref --sort -committerdate --format %(refname) %(objectname) %(*objectname) [3ms]
2024-11-02 12:55:43.867 [info] > git status -z -uall [302ms]
2024-11-02 12:55:49.284 [info] > git config --get commit.template [10ms]
2024-11-02 12:55:49.286 [info] > git for-each-ref --format=%(refname)%00%(upstream:short)%00%(objectname)%00%(upstream:track)%00%(upstream:remotename)%00%(upstream:remoteref) refs/heads/main refs/remotes/main [3ms]
2024-11-02 12:55:49.303 [info] > git for-each-ref --sort -committerdate --format %(refname) %(objectname) %(*objectname) [2ms]
2024-11-02 12:55:49.602 [info] > git status -z -uall [309ms]
